<?xml version="1.0" encoding="UTF-8"?>
<!-- Generated by org.testng.reporters.JUnitReportReporter -->
<testsuite hostname="DESKTOP-5I5OESD" failures="0" tests="4" name="com.mystore.testcases.TC_LoginPage" time="51.097" errors="0" timestamp="2023-10-11T13:31:58 IST" skipped="3">
  <testcase classname="com.mystore.testcases.TC_LoginPage" name="buyProduct" time="51.097"/>
  <testcase classname="com.mystore.testcases.TC_LoginPage" name="verifyUserLoginAndRegis">
    <skipped/>
  </testcase> <!-- verifyUserLoginAndRegis -->
  <testcase classname="com.mystore.testcases.TC_LoginPage" name="searchProduct">
    <skipped/>
  </testcase> <!-- searchProduct -->
  <testcase classname="com.mystore.testcases.TC_LoginPage" name="verifyLogin">
    <skipped/>
  </testcase> <!-- verifyLogin -->
</testsuite> <!-- com.mystore.testcases.TC_LoginPage -->
